17:29:58:067 RawMon [DEBUG] [66] _TCP  DATA  66 45 00 00 34 17 88 40 00 ..  [0]
17:29:58:068 RawMon [DEBUG] [66] _TCP  DATA  66 45 00 00 34 17 89 40 00 ..  [0]
17:29:58:068 RawMon [DEBUG] [66] _TCP  DATA  66 45 00 00 34 17 8A 40 00 ..  [0]
17:29:58:068 RawMon [DEBUG] [66] _TCP  DATA  66 45 00 00 34 33 D4 40 00 ..  [0]
17:29:58:068 RawMon [DEBUG] [66] _TCP  DATA  66 45 00 00 34 33 D5 40 00 ..  [0]
17:29:58:068 RawMon [DEBUG] [66] _TCP  DATA  66 45 00 00 34 33 D6 40 00 ..  [0]
17:29:58:068 RawMon [DEBUG] [66] _TCP  DATA  66 45 00 00 34 33 D7 40 00 ..  [0]
17:29:58:068 RawMon [DEBUG] [66] _TCP  DATA  66 45 00 00 34 17 8B 40 00 ..  [0]
17:29:58:069 RawMon [DEBUG] [66] _TCP  DATA  66 45 00 00 34 17 8C 40 00 ..  [0]
17:29:58:069 RawMon [DEBUG] [66] _TCP  DATA  66 45 00 00 34 33 D8 40 00 ..  [0]
17:29:58:069 RawMon [DEBUG] [66] _TCP  DATA  66 45 00 00 34 33 D9 40 00 ..  [0]
17:29:58:069 RawMon [DEBUG] [66] _TCP  DATA  66 45 00 00 34 17 8D 40 00 ..  [0]
17:29:58:069 RawMon [DEBUG] [66] _TCP  DATA  66 45 00 00 34 17 8E 40 00 ..  [0]
17:29:58:069 RawMon [DEBUG] [66] _TCP  DATA  66 45 00 00 34 17 8F 40 00 ..  [0]
17:29:58:069 RawMon [DEBUG] [66] _TCP  DATA  66 45 00 00 34 33 DA 40 00 ..  [0]
17:29:58:070 RawMon [DEBUG] [66] _TCP  DATA  66 45 00 00 34 33 DB 40 00 ..  [0]
17:29:58:070 RawMon [DEBUG] [66] _TCP  DATA  66 45 00 00 34 33 DC 40 00 ..  [0]
17:29:58:070 RawMon [DEBUG] [66] _TCP  DATA  66 45 00 00 34 17 90 40 00 ..  [0]
17:29:58:070 RawMon [DEBUG] [66] _TCP  DATA  66 45 00 00 34 17 91 40 00 ..  [0]
17:29:58:070 RawMon [DEBUG] [66] _TCP  DATA  66 45 00 00 34 33 DD 40 00 ..  [0]
17:29:58:070 RawMon [DEBUG] [66] _TCP  DATA  66 45 00 00 34 33 DE 40 00 ..  [0]
17:29:58:070 RawMon [DEBUG] [66] _TCP  DATA  66 45 00 00 34 17 92 40 00 ..  [0]
17:29:58:071 RawMon [DEBUG] [66] _TCP  DATA  66 45 00 00 34 17 93 40 00 ..  [0]
17:29:58:071 RawMon [DEBUG] [66] _TCP  DATA  66 45 00 00 34 33 DF 40 00 ..  [0]
17:29:58:071 RawMon [DEBUG] [66] _TCP  DATA  66 45 00 00 34 33 E0 40 00 ..  [0]
17:29:58:071 RawMon [DEBUG] [66] _TCP  DATA  66 45 00 00 34 17 94 40 00 ..  [0]
17:29:58:071 RawMon [DEBUG] [66] _TCP  DATA  66 45 00 00 34 33 E1 40 00 ..  [0]
17:29:58:071 RawMon [DEBUG] [66] _TCP  DATA  66 45 00 00 34 17 95 40 00 ..  [0]
17:29:58:071 RawMon [DEBUG] [66] _TCP  DATA  66 45 00 00 34 33 E2 40 00 ..  [0]
17:29:58:071 RawMon [DEBUG] [66] _TCP  DATA  66 45 00 00 34 17 96 40 00 ..  [0]
17:29:58:072 RawMon [DEBUG] [66] _TCP  DATA  66 45 00 00 34 33 E3 40 00 ..  [0]
17:29:58:072 RawMon [DEBUG] [66] _TCP  DATA  66 45 00 00 34 33 E4 40 00 ..  [0]
17:29:58:072 RawMon [DEBUG] [66] _TCP  DATA  66 45 00 00 34 17 97 40 00 ..  [0]
17:29:58:072 RawMon [DEBUG] [66] _TCP  DATA  66 45 00 00 34 17 98 40 00 ..  [0]
17:29:58:072 RawMon [DEBUG] [66] _TCP  DATA  66 45 00 00 34 33 E5 40 00 ..  [0]
17:29:58:072 RawMon [DEBUG] [66] _TCP  DATA  66 45 00 00 34 17 99 40 00 ..  [0]
17:29:58:072 RawMon [DEBUG] [66] _TCP  DATA  66 45 00 00 34 33 E6 40 00 ..  [0]
17:29:58:073 RawMon [DEBUG] [66] _TCP  DATA  66 45 00 00 34 17 9A 40 00 ..  [0]
17:29:58:073 RawMon [DEBUG] [66] _TCP  DATA  66 45 00 00 34 33 E7 40 00 ..  [0]
17:29:58:073 RawMon [DEBUG] [66] _TCP  DATA  66 45 00 00 34 33 E8 40 00 ..  [0]
17:29:58:073 RawMon [DEBUG] [66] _TCP  DATA  66 45 00 00 34 17 9B 40 00 ..  [0]
17:29:58:073 RawMon [DEBUG] [66] _TCP  DATA  66 45 00 00 34 17 9C 40 00 ..  [0]
17:29:58:073 RawMon [DEBUG] [66] _TCP  DATA  66 45 00 00 34 33 E9 40 00 ..  [0]
17:29:58:073 RawMon [DEBUG] [66] _TCP  DATA  66 45 00 00 34 33 EA 40 00 ..  [0]
17:29:58:073 RawMon [DEBUG] [66] _TCP  DATA  66 45 00 00 34 17 9D 40 00 ..  [0]
17:29:58:074 RawMon [DEBUG] [66] _TCP  DATA  66 45 00 00 34 33 EB 40 00 ..  [0]
17:29:58:074 RawMon [DEBUG] [74] _TCP  DATA  74 45 00 00 3C 17 9E 40 00 ..  [0]
17:29:58:074 RawMon [DEBUG] [66] _TCP  DATA  66 45 00 00 34 17 9F 40 00 ..  [0]
17:29:58:074 RawMon [DEBUG] [78] _TCP  DATA  78 45 00 00 40 33 EC 00 00 ..  [0]
17:29:58:074 RawMon [DEBUG] [580] _TCP  DATA  580 45 00 02 36 17 A0 40 00 ..  [514]
17:29:58:074 MONITOR [DEBUG] receive 514 Bytes for port 50948
17:29:58:125 RawMon [DEBUG] [505] _TCP  DATA  505 45 00 01 EB 33 F4 40 00 ..  [439]
17:29:58:126 MONITOR [DEBUG] receive 439 Bytes for port 3128
17:29:58:126 RawMon [DEBUG] [66] _TCP  DATA  66 45 00 00 34 17 A1 40 00 ..  [0]
17:29:58:126 RawMon [DEBUG] [1118] _TCP  DATA  1118 45 00 04 50 33 F5 40 00 ..  [1052]
17:29:58:126 MONITOR [DEBUG] receive 1052 Bytes for port 3128
17:29:58:126 RawMon [DEBUG] [66] _TCP  DATA  66 45 00 00 34 17 A2 40 00 ..  [0]
17:29:58:126 RawMon [DEBUG] [1514] _TCP  DATA  1514 45 00 05 DC 33 F8 40 00 ..  [1448]
17:29:58:126 MONITOR [DEBUG] receive 1448 Bytes for port 3128
17:29:58:126 RawMon [DEBUG] [967] _TCP  DATA  967 45 00 03 B9 33 F9 40 00 ..  [901]
17:29:58:127 MONITOR [DEBUG] receive 901 Bytes for port 3128
17:29:58:127 RawMon [DEBUG] [66] _TCP  DATA  66 45 00 00 34 17 A3 40 00 ..  [0]
17:29:58:127 RawMon [DEBUG] [66] _TCP  DATA  66 45 00 00 34 33 FA 40 00 ..  [0]
17:29:58:134 RawMon [DEBUG] [74] _TCP  DATA  74 45 00 00 3C 17 A4 40 00 ..  [0]
17:29:58:134 RawMon [DEBUG] [66] _TCP  DATA  66 45 00 00 34 17 A5 40 00 ..  [0]
17:29:58:134 RawMon [DEBUG] [78] _TCP  DATA  78 45 00 00 40 33 FB 00 00 ..  [0]
17:29:58:135 RawMon [DEBUG] [74] _TCP  DATA  74 45 00 00 3C 17 A6 40 00 ..  [0]
17:29:58:135 RawMon [DEBUG] [66] _TCP  DATA  66 45 00 00 34 17 A7 40 00 ..  [0]
17:29:58:135 RawMon [DEBUG] [78] _TCP  DATA  78 45 00 00 40 33 FC 00 00 ..  [0]
17:29:58:143 RawMon [DEBUG] [582] _TCP  DATA  582 45 00 02 38 17 A8 40 00 ..  [516]
17:29:58:143 MONITOR [DEBUG] receive 516 Bytes for port 50949
17:29:58:143 RawMon [DEBUG] [565] _TCP  DATA  565 45 00 02 27 17 A9 40 00 ..  [499]
17:29:58:144 MONITOR [DEBUG] receive 499 Bytes for port 50950
17:29:58:144 RawMon [DEBUG] [550] _TCP  DATA  550 45 00 02 18 33 FD 40 00 ..  [484]
17:29:58:144 MONITOR [DEBUG] receive 484 Bytes for port 3128
17:29:58:144 RawMon [DEBUG] [74] _TCP  DATA  74 45 00 00 3C 17 AA 40 00 ..  [0]
17:29:58:144 RawMon [DEBUG] [66] _TCP  DATA  66 45 00 00 34 17 AB 40 00 ..  [0]
17:29:58:145 RawMon [DEBUG] [1223] _TCP  DATA  1223 45 00 04 B9 33 FE 40 00 ..  [1157]
17:29:58:145 MONITOR [DEBUG] receive 1157 Bytes for port 3128
17:29:58:145 RawMon [DEBUG] [570] _TCP  DATA  570 45 00 02 2C 17 AC 40 00 ..  [504]
17:29:58:145 MONITOR [DEBUG] receive 504 Bytes for port 50949
17:29:58:145 RawMon [DEBUG] [567] _TCP  DATA  567 45 00 02 29 33 FF 40 00 ..  [501]
17:29:58:146 MONITOR [DEBUG] receive 501 Bytes for port 3128
17:29:58:146 RawMon [DEBUG] [66] _TCP  DATA  66 45 00 00 34 17 AD 40 00 ..  [0]
17:29:58:146 RawMon [DEBUG] [66] _TCP  DATA  66 45 00 00 34 17 AE 40 00 ..  [0]
17:29:58:146 RawMon [DEBUG] [1514] _TCP  DATA  1514 45 00 05 DC 34 00 40 00 ..  [1448]
17:29:58:146 MONITOR [DEBUG] receive 1448 Bytes for port 3128
17:29:58:147 RawMon [DEBUG] [78] _TCP  DATA  78 45 00 00 40 34 01 00 00 ..  [0]
17:29:58:147 RawMon [DEBUG] [74] _TCP  DATA  74 45 00 00 3C 17 AF 40 00 ..  [0]
17:29:58:147 RawMon [DEBUG] [573] _TCP  DATA  573 45 00 02 2F 17 B0 40 00 ..  [507]
17:29:58:147 MONITOR [DEBUG] receive 507 Bytes for port 50951
17:29:58:147 RawMon [DEBUG] [567] _TCP  DATA  567 45 00 02 29 34 02 40 00 ..  [501]
17:29:58:148 MONITOR [DEBUG] receive 501 Bytes for port 3128
17:29:58:148 RawMon [DEBUG] [66] _TCP  DATA  66 45 00 00 34 17 B1 40 00 ..  [0]
17:29:58:148 RawMon [DEBUG] [66] _TCP  DATA  66 45 00 00 34 17 B2 40 00 ..  [0]
17:29:58:148 RawMon [DEBUG] [1514] _TCP  DATA  1514 45 00 05 DC 34 03 40 00 ..  [1448]
17:29:58:148 MONITOR [DEBUG] receive 1448 Bytes for port 3128
17:29:58:148 RawMon [DEBUG] [789] _TCP  DATA  789 45 00 03 07 34 04 40 00 ..  [723]
17:29:58:148 MONITOR [DEBUG] receive 723 Bytes for port 3128
17:29:58:148 RawMon [DEBUG] [78] _TCP  DATA  78 45 00 00 40 34 05 00 00 ..  [0]
17:29:58:149 RawMon [DEBUG] [66] _TCP  DATA  66 45 00 00 34 17 B3 40 00 ..  [0]
17:29:58:149 RawMon [DEBUG] [1514] _TCP  DATA  1514 45 00 05 DC 34 06 40 00 ..  [1448]
17:29:58:149 MONITOR [DEBUG] receive 1448 Bytes for port 3128
17:29:58:149 RawMon [DEBUG] [567] _TCP  DATA  567 45 00 02 29 34 08 40 00 ..  [501]
17:29:58:149 MONITOR [DEBUG] receive 501 Bytes for port 3128
17:29:58:149 RawMon [DEBUG] [567] _TCP  DATA  567 45 00 02 29 17 B4 40 00 ..  [501]
17:29:58:150 MONITOR [DEBUG] receive 501 Bytes for port 50952
17:29:58:150 RawMon [DEBUG] [66] _TCP  DATA  66 45 00 00 34 17 B5 40 00 ..  [0]
17:29:58:151 RawMon [DEBUG] [565] _TCP  DATA  565 45 00 02 27 34 0B 40 00 ..  [499]
17:29:58:151 MONITOR [DEBUG] receive 499 Bytes for port 3128
17:29:58:151 RawMon [DEBUG] [74] _TCP  DATA  74 45 00 00 3C 17 BE 40 00 ..  [0]
17:29:58:151 RawMon [DEBUG] [66] _TCP  DATA  66 45 00 00 34 17 BF 40 00 ..  [0]
17:29:58:151 RawMon [DEBUG] [78] _TCP  DATA  78 45 00 00 40 34 0E 00 00 ..  [0]
17:29:58:151 RawMon [DEBUG] [74] _TCP  DATA  74 45 00 00 3C 17 C0 40 00 ..  [0]
17:29:58:151 RawMon [DEBUG] [66] _TCP  DATA  66 45 00 00 34 17 C1 40 00 ..  [0]
17:29:58:152 RawMon [DEBUG] [78] _TCP  DATA  78 45 00 00 40 34 0F 00 00 ..  [0]
17:29:58:152 RawMon [DEBUG] [74] _TCP  DATA  74 45 00 00 3C 17 C2 40 00 ..  [0]
17:29:58:152 RawMon [DEBUG] [613] _TCP  DATA  613 45 00 02 57 17 C3 40 00 ..  [547]
17:29:58:152 MONITOR [DEBUG] receive 547 Bytes for port 50954
17:29:58:152 RawMon [DEBUG] [66] _TCP  DATA  66 45 00 00 34 17 C4 40 00 ..  [0]
17:29:58:153 RawMon [DEBUG] [78] _TCP  DATA  78 45 00 00 40 34 10 00 00 ..  [0]
17:29:58:153 RawMon [DEBUG] [74] _TCP  DATA  74 45 00 00 3C 17 C5 40 00 ..  [0]
17:29:58:153 RawMon [DEBUG] [611] _TCP  DATA  611 45 00 02 55 17 C6 40 00 ..  [545]
17:29:58:153 MONITOR [DEBUG] receive 545 Bytes for port 50955
17:29:58:153 RawMon [DEBUG] [66] _TCP  DATA  66 45 00 00 34 17 C7 40 00 ..  [0]
17:29:58:154 RawMon [DEBUG] [78] _TCP  DATA  78 45 00 00 40 34 11 00 00 ..  [0]
17:29:58:154 RawMon [DEBUG] [612] _TCP  DATA  612 45 00 02 56 17 C8 40 00 ..  [546]
17:29:58:154 MONITOR [DEBUG] receive 546 Bytes for port 50956
17:29:58:154 RawMon [DEBUG] [611] _TCP  DATA  611 45 00 02 55 17 C9 40 00 ..  [545]
17:29:58:154 MONITOR [DEBUG] receive 545 Bytes for port 50957
17:29:58:154 RawMon [DEBUG] [74] _TCP  DATA  74 45 00 00 3C 17 CA 40 00 ..  [0]
17:29:58:154 RawMon [DEBUG] [66] _TCP  DATA  66 45 00 00 34 17 CB 40 00 ..  [0]
17:29:58:155 RawMon [DEBUG] [78] _TCP  DATA  78 45 00 00 40 34 12 00 00 ..  [0]
17:29:58:155 RawMon [DEBUG] [611] _TCP  DATA  611 45 00 02 55 17 CC 40 00 ..  [545]
17:29:58:155 MONITOR [DEBUG] receive 545 Bytes for port 50958
17:29:58:155 RawMon [DEBUG] [74] _TCP  DATA  74 45 00 00 3C 17 CD 40 00 ..  [0]
17:29:58:155 RawMon [DEBUG] [66] _TCP  DATA  66 45 00 00 34 17 CE 40 00 ..  [0]
17:29:58:155 RawMon [DEBUG] [78] _TCP  DATA  78 45 00 00 40 34 13 00 00 ..  [0]
17:29:58:156 RawMon [DEBUG] [74] _TCP  DATA  74 45 00 00 3C 17 CF 40 00 ..  [0]
17:29:58:156 RawMon [DEBUG] [611] _TCP  DATA  611 45 00 02 55 17 D0 40 00 ..  [545]
17:29:58:156 MONITOR [DEBUG] receive 545 Bytes for port 50959
17:29:58:156 RawMon [DEBUG] [66] _TCP  DATA  66 45 00 00 34 17 D1 40 00 ..  [0]
17:29:58:156 RawMon [DEBUG] [611] _TCP  DATA  611 45 00 02 55 17 D2 40 00 ..  [545]
17:29:58:156 MONITOR [DEBUG] receive 545 Bytes for port 50960
17:29:58:156 RawMon [DEBUG] [78] _TCP  DATA  78 45 00 00 40 34 14 00 00 ..  [0]
17:29:58:157 RawMon [DEBUG] [74] _TCP  DATA  74 45 00 00 3C 17 D3 40 00 ..  [0]
17:29:58:157 RawMon [DEBUG] [66] _TCP  DATA  66 45 00 00 34 17 D4 40 00 ..  [0]
17:29:58:158 RawMon [DEBUG] [78] _TCP  DATA  78 45 00 00 40 34 15 00 00 ..  [0]
17:29:58:158 RawMon [DEBUG] [611] _TCP  DATA  611 45 00 02 55 17 D5 40 00 ..  [545]
17:29:58:158 MONITOR [DEBUG] receive 545 Bytes for port 50961
17:29:58:158 RawMon [DEBUG] [74] _TCP  DATA  74 45 00 00 3C 17 D6 40 00 ..  [0]
17:29:58:158 RawMon [DEBUG] [66] _TCP  DATA  66 45 00 00 34 17 D7 40 00 ..  [0]
17:29:58:158 RawMon [DEBUG] [78] _TCP  DATA  78 45 00 00 40 34 16 00 00 ..  [0]
17:29:58:158 RawMon [DEBUG] [611] _TCP  DATA  611 45 00 02 55 17 D8 40 00 ..  [545]
17:29:58:158 MONITOR [DEBUG] receive 545 Bytes for port 50962
17:29:58:158 RawMon [DEBUG] [74] _TCP  DATA  74 45 00 00 3C 17 D9 40 00 ..  [0]
17:29:58:159 RawMon [DEBUG] [66] _TCP  DATA  66 45 00 00 34 17 DA 40 00 ..  [0]
17:29:58:159 RawMon [DEBUG] [78] _TCP  DATA  78 45 00 00 40 34 17 00 00 ..  [0]
17:29:58:159 RawMon [DEBUG] [74] _TCP  DATA  74 45 00 00 3C 17 DB 40 00 ..  [0]
17:29:58:159 RawMon [DEBUG] [66] _TCP  DATA  66 45 00 00 34 17 DC 40 00 ..  [0]
17:29:58:159 RawMon [DEBUG] [78] _TCP  DATA  78 45 00 00 40 34 18 00 00 ..  [0]
17:29:58:159 RawMon [DEBUG] [74] _TCP  DATA  74 45 00 00 3C 17 DD 40 00 ..  [0]
17:29:58:159 RawMon [DEBUG] [605] _TCP  DATA  605 45 00 02 4F 17 DE 40 00 ..  [539]
17:29:58:159 MONITOR [DEBUG] receive 539 Bytes for port 50963
17:29:58:160 RawMon [DEBUG] [66] _TCP  DATA  66 45 00 00 34 17 DF 40 00 ..  [0]
17:29:58:160 RawMon [DEBUG] [78] _TCP  DATA  78 45 00 00 40 34 19 00 00 ..  [0]
17:29:58:160 RawMon [DEBUG] [74] _TCP  DATA  74 45 00 00 3C 17 E0 40 00 ..  [0]
17:29:58:160 RawMon [DEBUG] [614] _TCP  DATA  614 45 00 02 58 17 E1 40 00 ..  [548]
17:29:58:160 MONITOR [DEBUG] receive 548 Bytes for port 50964
17:29:58:160 RawMon [DEBUG] [66] _TCP  DATA  66 45 00 00 34 17 E2 40 00 ..  [0]
17:29:58:160 RawMon [DEBUG] [78] _TCP  DATA  78 45 00 00 40 34 1A 00 00 ..  [0]
17:29:58:161 RawMon [DEBUG] [74] _TCP  DATA  74 45 00 00 3C 17 E3 40 00 ..  [0]
17:29:58:161 RawMon [DEBUG] [609] _TCP  DATA  609 45 00 02 53 17 E4 40 00 ..  [543]
17:29:58:161 MONITOR [DEBUG] receive 543 Bytes for port 50965
17:29:58:161 RawMon [DEBUG] [605] _TCP  DATA  605 45 00 02 4F 17 E7 40 00 ..  [539]
17:29:58:161 MONITOR [DEBUG] receive 539 Bytes for port 50966
17:29:58:161 RawMon [DEBUG] [74] _TCP  DATA  74 45 00 00 3C 17 EE 40 00 ..  [0]
17:29:58:161 RawMon [DEBUG] [66] _TCP  DATA  66 45 00 00 34 17 EF 40 00 ..  [0]
17:29:58:162 RawMon [DEBUG] [78] _TCP  DATA  78 45 00 00 40 34 1E 00 00 ..  [0]
17:29:58:162 RawMon [DEBUG] [605] _TCP  DATA  605 45 00 02 4F 17 F0 40 00 ..  [539]
17:29:58:162 MONITOR [DEBUG] receive 539 Bytes for port 50970
17:29:58:162 RawMon [DEBUG] [74] _TCP  DATA  74 45 00 00 3C 17 F1 40 00 ..  [0]
17:29:58:162 RawMon [DEBUG] [66] _TCP  DATA  66 45 00 00 34 17 F2 40 00 ..  [0]
17:29:58:163 RawMon [DEBUG] [78] _TCP  DATA  78 45 00 00 40 34 1F 00 00 ..  [0]
17:29:58:163 RawMon [DEBUG] [74] _TCP  DATA  74 45 00 00 3C 17 F3 40 00 ..  [0]
17:29:58:163 RawMon [DEBUG] [607] _TCP  DATA  607 45 00 02 51 17 F4 40 00 ..  [541]
17:29:58:163 MONITOR [DEBUG] receive 541 Bytes for port 50971
17:29:58:163 RawMon [DEBUG] [66] _TCP  DATA  66 45 00 00 34 17 F5 40 00 ..  [0]
17:29:58:163 RawMon [DEBUG] [78] _TCP  DATA  78 45 00 00 40 34 20 00 00 ..  [0]
17:29:58:163 RawMon [DEBUG] [599] _TCP  DATA  599 45 00 02 49 17 F6 40 00 ..  [533]
17:29:58:164 MONITOR [DEBUG] receive 533 Bytes for port 50972
17:29:58:164 RawMon [DEBUG] [74] _TCP  DATA  74 45 00 00 3C 17 F7 40 00 ..  [0]
17:29:58:164 RawMon [DEBUG] [66] _TCP  DATA  66 45 00 00 34 17 F8 40 00 ..  [0]
17:29:58:164 RawMon [DEBUG] [78] _TCP  DATA  78 45 00 00 40 34 21 00 00 ..  [0]
17:29:58:164 RawMon [DEBUG] [599] _TCP  DATA  599 45 00 02 49 17 F9 40 00 ..  [533]
17:29:58:164 MONITOR [DEBUG] receive 533 Bytes for port 50973
17:29:58:164 RawMon [DEBUG] [74] _TCP  DATA  74 45 00 00 3C 17 FA 40 00 ..  [0]
17:29:58:164 RawMon [DEBUG] [66] _TCP  DATA  66 45 00 00 34 17 FB 40 00 ..  [0]
17:29:58:165 RawMon [DEBUG] [78] _TCP  DATA  78 45 00 00 40 34 22 00 00 ..  [0]
17:29:58:165 RawMon [DEBUG] [602] _TCP  DATA  602 45 00 02 4C 17 FC 40 00 ..  [536]
17:29:58:165 MONITOR [DEBUG] receive 536 Bytes for port 50974
17:29:58:165 RawMon [DEBUG] [619] _TCP  DATA  619 45 00 02 5D 17 FF 40 00 ..  [553]
17:29:58:165 MONITOR [DEBUG] receive 553 Bytes for port 50975
17:29:58:165 RawMon [DEBUG] [74] _TCP  DATA  74 45 00 00 3C 18 00 40 00 ..  [0]
17:29:58:165 RawMon [DEBUG] [66] _TCP  DATA  66 45 00 00 34 18 01 40 00 ..  [0]
17:29:58:165 RawMon [DEBUG] [78] _TCP  DATA  78 45 00 00 40 34 24 00 00 ..  [0]
17:29:58:191 RawMon [DEBUG] [597] _TCP  DATA  597 45 00 02 47 18 02 40 00 ..  [531]
17:29:58:191 MONITOR [DEBUG] receive 531 Bytes for port 50976
17:29:58:194 RawMon [DEBUG] [527] _TCP  DATA  527 45 00 02 01 34 25 40 00 ..  [461]
17:29:58:194 MONITOR [DEBUG] receive 461 Bytes for port 3128
17:29:58:197 RawMon [DEBUG] [74] _TCP  DATA  74 45 00 00 3C 18 03 40 00 ..  [0]
17:29:58:197 RawMon [DEBUG] [66] _TCP  DATA  66 45 00 00 34 18 04 40 00 ..  [0]
17:29:58:197 RawMon [DEBUG] [78] _TCP  DATA  78 45 00 00 40 34 26 00 00 ..  [0]
17:29:58:205 RawMon [DEBUG] [66] _TCP  DATA  66 45 00 00 34 18 05 40 00 ..  [0]
17:29:58:205 RawMon [DEBUG] [527] _TCP  DATA  527 45 00 02 01 34 28 40 00 ..  [461]
17:29:58:205 MONITOR [DEBUG] receive 461 Bytes for port 3128
17:29:58:205 RawMon [DEBUG] [588] _TCP  DATA  588 45 00 02 3E 34 29 40 00 ..  [522]
17:29:58:205 MONITOR [DEBUG] receive 522 Bytes for port 3128
17:29:58:205 RawMon [DEBUG] [527] _TCP  DATA  527 45 00 02 01 34 2A 40 00 ..  [461]
17:29:58:206 MONITOR [DEBUG] receive 461 Bytes for port 3128
17:29:58:206 RawMon [DEBUG] [526] _TCP  DATA  526 45 00 02 00 34 2B 40 00 ..  [460]
17:29:58:206 MONITOR [DEBUG] receive 460 Bytes for port 3128
17:29:58:207 RawMon [DEBUG] [74] _TCP  DATA  74 45 00 00 3C 18 06 40 00 ..  [0]
17:29:58:207 RawMon [DEBUG] [66] _TCP  DATA  66 45 00 00 34 18 07 40 00 ..  [0]
17:29:58:207 RawMon [DEBUG] [78] _TCP  DATA  78 45 00 00 40 34 2C 00 00 ..  [0]
17:29:58:326 RawMon [DEBUG] [66] _TCP  DATA  66 45 00 00 34 18 08 40 00 ..  [0]
17:29:58:327 RawMon [DEBUG] [370] _TCP  DATA  370 45 00 01 64 34 30 40 00 ..  [304]
17:29:58:328 MONITOR [DEBUG] receive 304 Bytes for port 3128
17:29:58:328 RawMon [DEBUG] [66] _TCP  DATA  66 45 00 00 34 18 09 40 00 ..  [0]
17:29:58:328 RawMon [DEBUG] [373] _TCP  DATA  373 45 00 01 67 34 31 40 00 ..  [307]
17:29:58:329 MONITOR [DEBUG] receive 307 Bytes for port 3128
17:29:58:329 RawMon [DEBUG] [432] _TCP  DATA  432 45 00 01 A2 34 32 40 00 ..  [366]
17:29:58:329 MONITOR [DEBUG] receive 366 Bytes for port 3128
17:29:58:329 RawMon [DEBUG] [529] _TCP  DATA  529 45 00 02 03 34 33 40 00 ..  [463]
17:29:58:330 MONITOR [DEBUG] receive 463 Bytes for port 3128
17:29:58:330 RawMon [DEBUG] [528] _TCP  DATA  528 45 00 02 02 34 34 40 00 ..  [462]
17:29:58:330 MONITOR [DEBUG] receive 462 Bytes for port 3128
17:29:58:330 RawMon [DEBUG] [527] _TCP  DATA  527 45 00 02 01 34 35 40 00 ..  [461]
17:29:58:331 MONITOR [DEBUG] receive 461 Bytes for port 3128
17:29:58:331 RawMon [DEBUG] [528] _TCP  DATA  528 45 00 02 02 34 36 40 00 ..  [462]
17:29:58:332 MONITOR [DEBUG] receive 462 Bytes for port 3128
17:29:58:332 RawMon [DEBUG] [527] _TCP  DATA  527 45 00 02 01 34 37 40 00 ..  [461]
17:29:58:332 MONITOR [DEBUG] receive 461 Bytes for port 3128
17:29:58:333 RawMon [DEBUG] [527] _TCP  DATA  527 45 00 02 01 34 38 40 00 ..  [461]
17:29:58:333 MONITOR [DEBUG] receive 461 Bytes for port 3128
17:29:58:333 RawMon [DEBUG] [527] _TCP  DATA  527 45 00 02 01 34 39 40 00 ..  [461]
17:29:58:334 MONITOR [DEBUG] receive 461 Bytes for port 3128
17:29:58:334 RawMon [DEBUG] [527] _TCP  DATA  527 45 00 02 01 34 3A 40 00 ..  [461]
17:29:58:334 MONITOR [DEBUG] receive 461 Bytes for port 3128
17:29:58:334 RawMon [DEBUG] [527] _TCP  DATA  527 45 00 02 01 34 3B 40 00 ..  [461]
17:29:58:335 MONITOR [DEBUG] receive 461 Bytes for port 3128
17:29:58:335 RawMon [DEBUG] [527] _TCP  DATA  527 45 00 02 01 34 3C 40 00 ..  [461]
17:29:58:335 MONITOR [DEBUG] receive 461 Bytes for port 3128
17:29:58:335 RawMon [DEBUG] [66] _TCP  DATA  66 45 00 00 34 18 0A 40 00 ..  [0]
17:29:58:336 RawMon [DEBUG] [66] _TCP  DATA  66 45 00 00 34 34 3D 40 00 ..  [0]
17:29:58:336 RawMon [DEBUG] [66] _TCP  DATA  66 45 00 00 34 34 3E 40 00 ..  [0]
17:29:58:336 RawMon [DEBUG] [66] _TCP  DATA  66 45 00 00 34 34 3F 40 00 ..  [0]
17:29:58:337 RawMon [DEBUG] [66] _TCP  DATA  66 45 00 00 34 34 40 40 00 ..  [0]
17:29:58:337 RawMon [DEBUG] [66] _TCP  DATA  66 45 00 00 34 34 41 40 00 ..  [0]
17:29:58:338 RawMon [DEBUG] [66] _TCP  DATA  66 45 00 00 34 34 42 40 00 ..  [0]
17:29:58:338 RawMon [DEBUG] [66] _TCP  DATA  66 45 00 00 34 34 43 40 00 ..  [0]
17:29:58:338 RawMon [DEBUG] [66] _TCP  DATA  66 45 00 00 34 34 44 40 00 ..  [0]
17:29:58:339 RawMon [DEBUG] [66] _TCP  DATA  66 45 00 00 34 34 45 40 00 ..  [0]
17:29:58:339 RawMon [DEBUG] [66] _TCP  DATA  66 45 00 00 34 34 46 40 00 ..  [0]
17:29:58:339 RawMon [DEBUG] [66] _TCP  DATA  66 45 00 00 34 34 47 40 00 ..  [0]
17:29:58:340 RawMon [DEBUG] [66] _TCP  DATA  66 45 00 00 34 34 48 40 00 ..  [0]
17:29:58:340 RawMon [DEBUG] [66] _TCP  DATA  66 45 00 00 34 34 49 40 00 ..  [0]
17:29:58:341 RawMon [DEBUG] [66] _TCP  DATA  66 45 00 00 34 34 4A 40 00 ..  [0]
17:29:58:453 RawMon [DEBUG] [66] _TCP  DATA  66 45 00 00 34 18 0B 40 00 ..  [0]
17:29:58:455 RawMon [DEBUG] [66] _TCP  DATA  66 45 00 00 34 18 0C 40 00 ..  [0]
17:29:58:455 RawMon [DEBUG] [1514] _TCP  DATA  1514 45 00 05 DC 34 50 40 00 ..  [1448]
17:29:58:456 MONITOR [DEBUG] receive 1448 Bytes for port 3128
17:29:58:456 RawMon [DEBUG] [1240] _TCP  DATA  1240 45 00 04 CA 34 51 40 00 ..  [1174]
17:29:58:456 MONITOR [DEBUG] receive 1174 Bytes for port 3128
17:29:58:457 RawMon [DEBUG] [66] _TCP  DATA  66 45 00 00 34 18 0D 40 00 ..  [0]
17:29:58:457 RawMon [DEBUG] [1052] _TCP  DATA  1052 45 00 04 0E 34 52 40 00 ..  [986]
17:29:58:458 MONITOR [DEBUG] receive 986 Bytes for port 3128
17:29:58:458 RawMon [DEBUG] [66] _TCP  DATA  66 45 00 00 34 18 0E 40 00 ..  [0]
17:29:58:459 RawMon [DEBUG] [1514] _TCP  DATA  1514 45 00 05 DC 34 54 40 00 ..  [1448]
17:29:58:460 MONITOR [DEBUG] receive 1448 Bytes for port 3128
17:29:58:460 RawMon [DEBUG] [1266] _TCP  DATA  1266 45 00 04 E4 34 55 40 00 ..  [1200]
17:29:58:461 MONITOR [DEBUG] receive 1200 Bytes for port 3128
17:29:58:461 RawMon [DEBUG] [66] _TCP  DATA  66 45 00 00 34 18 0F 40 00 ..  [0]
17:29:58:461 RawMon [DEBUG] [1107] _TCP  DATA  1107 45 00 04 45 34 56 40 00 ..  [1041]
17:29:58:461 MONITOR [DEBUG] receive 1041 Bytes for port 3128
17:29:58:461 RawMon [DEBUG] [66] _TCP  DATA  66 45 00 00 34 18 10 40 00 ..  [0]
17:29:58:461 RawMon [DEBUG] [66] _TCP  DATA  66 45 00 00 34 18 11 40 00 ..  [0]
17:29:58:462 RawMon [DEBUG] [1043] _TCP  DATA  1043 45 00 04 05 34 57 40 00 ..  [977]
17:29:58:462 MONITOR [DEBUG] receive 977 Bytes for port 3128
17:29:58:482 RawMon [DEBUG] [66] _TCP  DATA  66 45 00 00 34 18 16 40 00 ..  [0]
17:29:58:483 RawMon [DEBUG] [1514] _TCP  DATA  1514 45 00 05 DC 34 6C 40 00 ..  [1448]
17:29:58:483 MONITOR [DEBUG] receive 1448 Bytes for port 3128
17:29:58:483 RawMon [DEBUG] [1514] _TCP  DATA  1514 45 00 05 DC 34 6D 40 00 ..  [1448]
17:29:58:483 MONITOR [DEBUG] receive 1448 Bytes for port 3128
17:29:58:483 RawMon [DEBUG] [788] _TCP  DATA  788 45 00 03 06 34 6E 40 00 ..  [722]
17:29:58:484 MONITOR [DEBUG] receive 722 Bytes for port 3128
17:29:58:484 RawMon [DEBUG] [66] _TCP  DATA  66 45 00 00 34 18 17 40 00 ..  [0]
17:29:58:484 RawMon [DEBUG] [66] _TCP  DATA  66 45 00 00 34 18 18 40 00 ..  [0]
17:29:58:484 RawMon [DEBUG] [887] _TCP  DATA  887 45 00 03 69 34 6F 40 00 ..  [821]
17:29:58:485 MONITOR [DEBUG] receive 821 Bytes for port 3128
17:29:58:485 RawMon [DEBUG] [741] _TCP  DATA  741 45 00 02 D7 34 70 40 00 ..  [675]
17:29:58:485 MONITOR [DEBUG] receive 675 Bytes for port 3128
17:29:58:485 RawMon [DEBUG] [66] _TCP  DATA  66 45 00 00 34 18 19 40 00 ..  [0]
17:29:58:485 RawMon [DEBUG] [66] _TCP  DATA  66 45 00 00 34 18 1A 40 00 ..  [0]
17:29:58:485 RawMon [DEBUG] [413] _TCP  DATA  413 45 00 01 8F 34 71 40 00 ..  [347]
17:29:58:485 MONITOR [DEBUG] receive 347 Bytes for port 3128
17:29:58:485 RawMon [DEBUG] [458] _TCP  DATA  458 45 00 01 BC 34 72 40 00 ..  [392]
17:29:58:486 MONITOR [DEBUG] receive 392 Bytes for port 3128
17:29:58:486 RawMon [DEBUG] [66] _TCP  DATA  66 45 00 00 34 18 1B 40 00 ..  [0]
17:29:58:486 RawMon [DEBUG] [454] _TCP  DATA  454 45 00 01 B8 34 73 40 00 ..  [388]
17:29:58:486 MONITOR [DEBUG] receive 388 Bytes for port 3128
17:29:58:486 RawMon [DEBUG] [66] _TCP  DATA  66 45 00 00 34 18 1C 40 00 ..  [0]
17:29:58:486 RawMon [DEBUG] [1514] _TCP  DATA  1514 45 00 05 DC 34 74 40 00 ..  [1448]
17:29:58:486 MONITOR [DEBUG] receive 1448 Bytes for port 3128
17:29:58:486 RawMon [DEBUG] [66] _TCP  DATA  66 45 00 00 34 18 22 40 00 ..  [0]
17:29:58:486 RawMon [DEBUG] [1514] _TCP  DATA  1514 45 00 05 DC 34 7F 40 00 ..  [1448]
17:29:58:487 MONITOR [DEBUG] receive 1448 Bytes for port 3128
17:29:58:488 RawMon [DEBUG] [519] _TCP  DATA  519 45 00 01 F9 34 84 40 00 ..  [453]
17:29:58:489 MONITOR [DEBUG] receive 453 Bytes for port 3128
17:29:58:489 RawMon [DEBUG] [66] _TCP  DATA  66 45 00 00 34 18 23 40 00 ..  [0]
17:29:58:489 RawMon [DEBUG] [1514] _TCP  DATA  1514 45 00 05 DC 34 85 40 00 ..  [1448]
17:29:58:489 MONITOR [DEBUG] receive 1448 Bytes for port 3128
17:29:58:489 RawMon [DEBUG] [466] _TCP  DATA  466 45 00 01 C4 34 86 40 00 ..  [400]
17:29:58:490 MONITOR [DEBUG] receive 400 Bytes for port 3128
17:29:58:490 RawMon [DEBUG] [66] _TCP  DATA  66 45 00 00 34 18 24 40 00 ..  [0]
17:29:58:490 RawMon [DEBUG] [1514] _TCP  DATA  1514 45 00 05 DC 34 88 40 00 ..  [1448]
17:29:58:490 MONITOR [DEBUG] receive 1448 Bytes for port 3128
17:29:58:490 RawMon [DEBUG] [66] _TCP  DATA  66 45 00 00 34 18 25 40 00 ..  [0]
17:29:58:490 RawMon [DEBUG] [1514] _TCP  DATA  1514 45 00 05 DC 34 89 40 00 ..  [1448]
17:29:58:490 MONITOR [DEBUG] receive 1448 Bytes for port 3128
17:29:58:490 RawMon [DEBUG] [66] _TCP  DATA  66 45 00 00 34 18 26 40 00 ..  [0]
17:29:58:491 RawMon [DEBUG] [66] _TCP  DATA  66 45 00 00 34 18 27 40 00 ..  [0]
17:29:58:491 RawMon [DEBUG] [1514] _TCP  DATA  1514 45 00 05 DC 34 8A 40 00 ..  [1448]
17:29:58:491 MONITOR [DEBUG] receive 1448 Bytes for port 3128
17:29:58:491 RawMon [DEBUG] [1514] _TCP  DATA  1514 45 00 05 DC 34 8B 40 00 ..  [1448]
17:29:58:491 MONITOR [DEBUG] receive 1448 Bytes for port 3128
17:29:58:498 RawMon [DEBUG] [1446] _TCP  DATA  1446 45 00 05 98 34 A0 40 00 ..  [1380]
17:29:58:498 MONITOR [DEBUG] receive 1380 Bytes for port 3128
17:29:58:498 RawMon [DEBUG] [66] _TCP  DATA  66 45 00 00 34 18 2B 40 00 ..  [0]
17:29:58:498 RawMon [DEBUG] [1446] _TCP  DATA  1446 45 00 05 98 34 A1 40 00 ..  [1380]
17:29:58:499 MONITOR [DEBUG] receive 1380 Bytes for port 3128
17:29:58:499 RawMon [DEBUG] [1446] _TCP  DATA  1446 45 00 05 98 34 A3 40 00 ..  [1380]
17:29:58:499 MONITOR [DEBUG] receive 1380 Bytes for port 3128
17:29:58:519 RawMon [DEBUG] [66] _TCP  DATA  66 45 00 00 34 18 2C 40 00 ..  [0]
17:29:58:519 RawMon [DEBUG] [1446] _TCP  DATA  1446 45 00 05 98 34 A4 40 00 ..  [1380]
17:29:58:520 MONITOR [DEBUG] receive 1380 Bytes for port 3128
17:29:58:520 RawMon [DEBUG] [1446] _TCP  DATA  1446 45 00 05 98 34 A6 40 00 ..  [1380]
17:29:58:520 MONITOR [DEBUG] receive 1380 Bytes for port 3128
17:29:58:520 RawMon [DEBUG] [66] _TCP  DATA  66 45 00 00 34 18 2D 40 00 ..  [0]
17:29:58:520 RawMon [DEBUG] [1446] _TCP  DATA  1446 45 00 05 98 34 A7 40 00 ..  [1380]
17:29:58:521 MONITOR [DEBUG] receive 1380 Bytes for port 3128
17:29:58:521 RawMon [DEBUG] [66] _TCP  DATA  66 45 00 00 34 18 2E 40 00 ..  [0]
17:29:58:521 RawMon [DEBUG] [1514] _TCP  DATA  1514 45 00 05 DC 34 A9 40 00 ..  [1448]
17:29:58:521 MONITOR [DEBUG] receive 1448 Bytes for port 3128
17:29:58:521 RawMon [DEBUG] [252] _TCP  DATA  252 45 00 00 EE 34 AA 40 00 ..  [186]
17:29:58:521 MONITOR [DEBUG] receive 186 Bytes for port 3128
17:29:58:653 RawMon [DEBUG] [66] _TCP  DATA  66 45 00 00 34 18 2F 40 00 ..  [0]
17:29:58:654 RawMon [DEBUG] [66] _TCP  DATA  66 45 00 00 34 18 30 40 00 ..  [0]
17:29:59:674 RawMon [DEBUG] [656] _TCP  DATA  656 45 00 02 82 18 31 40 00 ..  [590]
17:29:59:674 MONITOR [DEBUG] receive 590 Bytes for port 50952
17:29:59:752 RawMon [DEBUG] [580] _TCP  DATA  580 45 00 02 36 35 00 40 00 ..  [514]
17:29:59:753 MONITOR [DEBUG] receive 514 Bytes for port 3128
17:29:59:753 RawMon [DEBUG] [66] _TCP  DATA  66 45 00 00 34 18 32 40 00 ..  [0]
17:29:59:753 RawMon [DEBUG] [1514] _TCP  DATA  1514 45 00 05 DC 35 01 40 00 ..  [1448]
17:29:59:754 MONITOR [DEBUG] receive 1448 Bytes for port 3128
17:29:59:754 RawMon [DEBUG] [1514] _TCP  DATA  1514 45 00 05 DC 35 02 40 00 ..  [1448]
17:29:59:754 MONITOR [DEBUG] receive 1448 Bytes for port 3128
17:29:59:754 RawMon [DEBUG] [1266] _TCP  DATA  1266 45 00 04 E4 35 03 40 00 ..  [1200]
17:29:59:755 MONITOR [DEBUG] receive 1200 Bytes for port 3128
17:29:59:755 RawMon [DEBUG] [66] _TCP  DATA  66 45 00 00 34 18 33 40 00 ..  [0]
17:29:59:755 RawMon [DEBUG] [1514] _TCP  DATA  1514 45 00 05 DC 35 04 40 00 ..  [1448]
17:29:59:756 MONITOR [DEBUG] receive 1448 Bytes for port 3128
17:29:59:756 RawMon [DEBUG] [1514] _TCP  DATA  1514 45 00 05 DC 35 05 40 00 ..  [1448]
17:29:59:756 MONITOR [DEBUG] receive 1448 Bytes for port 3128
17:29:59:756 RawMon [DEBUG] [1266] _TCP  DATA  1266 45 00 04 E4 35 06 40 00 ..  [1200]
17:29:59:756 MONITOR [DEBUG] receive 1200 Bytes for port 3128
17:29:59:784 RawMon [DEBUG] [624] _TCP  DATA  624 45 00 02 62 18 35 40 00 ..  [558]
17:29:59:784 MONITOR [DEBUG] receive 558 Bytes for port 50952
17:29:59:784 RawMon [DEBUG] [607] _TCP  DATA  607 45 00 02 51 18 36 40 00 ..  [541]
17:29:59:785 MONITOR [DEBUG] receive 541 Bytes for port 50954
17:29:59:785 RawMon [DEBUG] [549] _TCP  DATA  549 45 00 02 17 35 12 40 00 ..  [483]
17:29:59:785 MONITOR [DEBUG] receive 483 Bytes for port 3128
17:29:59:785 RawMon [DEBUG] [66] _TCP  DATA  66 45 00 00 34 18 37 40 00 ..  [0]
17:29:59:785 RawMon [DEBUG] [1514] _TCP  DATA  1514 45 00 05 DC 35 13 40 00 ..  [1448]
17:29:59:786 MONITOR [DEBUG] receive 1448 Bytes for port 3128
17:29:59:786 RawMon [DEBUG] [1514] _TCP  DATA  1514 45 00 05 DC 35 14 40 00 ..  [1448]
17:29:59:786 MONITOR [DEBUG] receive 1448 Bytes for port 3128
17:29:59:786 RawMon [DEBUG] [1266] _TCP  DATA  1266 45 00 04 E4 35 15 40 00 ..  [1200]
17:29:59:786 MONITOR [DEBUG] receive 1200 Bytes for port 3128
17:29:59:786 RawMon [DEBUG] [66] _TCP  DATA  66 45 00 00 34 18 38 40 00 ..  [0]
17:29:59:786 RawMon [DEBUG] [1514] _TCP  DATA  1514 45 00 05 DC 35 16 40 00 ..  [1448]
17:29:59:787 MONITOR [DEBUG] receive 1448 Bytes for port 3128
17:29:59:787 RawMon [DEBUG] [1514] _TCP  DATA  1514 45 00 05 DC 35 17 40 00 ..  [1448]
17:29:59:787 MONITOR [DEBUG] receive 1448 Bytes for port 3128
17:29:59:788 RawMon [DEBUG] [1266] _TCP  DATA  1266 45 00 04 E4 35 18 40 00 ..  [1200]
17:29:59:788 MONITOR [DEBUG] receive 1200 Bytes for port 3128
17:29:59:788 RawMon [DEBUG] [66] _TCP  DATA  66 45 00 00 34 18 3D 40 00 ..  [0]
17:29:59:788 RawMon [DEBUG] [1514] _TCP  DATA  1514 45 00 05 DC 35 27 40 00 ..  [1448]
17:29:59:788 MONITOR [DEBUG] receive 1448 Bytes for port 3128
17:29:59:788 RawMon [DEBUG] [1514] _TCP  DATA  1514 45 00 05 DC 35 28 40 00 ..  [1448]
17:29:59:789 MONITOR [DEBUG] receive 1448 Bytes for port 3128
17:29:59:789 RawMon [DEBUG] [1514] _TCP  DATA  1514 45 00 05 DC 35 2D 40 00 ..  [1448]
17:29:59:789 MONITOR [DEBUG] receive 1448 Bytes for port 3128
17:29:59:789 RawMon [DEBUG] [66] _TCP  DATA  66 45 00 00 34 18 40 40 00 ..  [0]
17:29:59:789 RawMon [DEBUG] [1514] _TCP  DATA  1514 45 00 05 DC 35 33 40 00 ..  [1448]
17:29:59:790 MONITOR [DEBUG] receive 1448 Bytes for port 3128
17:29:59:790 RawMon [DEBUG] [1514] _TCP  DATA  1514 45 00 05 DC 35 3B 40 00 ..  [1448]
17:29:59:790 MONITOR [DEBUG] receive 1448 Bytes for port 3128
17:29:59:791 RawMon [DEBUG] [1514] _TCP  DATA  1514 45 00 05 DC 35 41 40 00 ..  [1448]
17:29:59:791 MONITOR [DEBUG] receive 1448 Bytes for port 3128
17:29:59:791 RawMon [DEBUG] [1514] _TCP  DATA  1514 45 00 05 DC 35 4A 40 00 ..  [1448]
17:29:59:791 MONITOR [DEBUG] receive 1448 Bytes for port 3128
17:29:59:791 RawMon [DEBUG] [66] _TCP  DATA  66 45 00 00 34 18 4B 40 00 ..  [0]
17:29:59:792 RawMon [DEBUG] [1514] _TCP  DATA  1514 45 00 05 DC 35 4B 40 00 ..  [1448]
17:29:59:792 MONITOR [DEBUG] receive 1448 Bytes for port 3128
17:29:59:792 RawMon [DEBUG] [1514] _TCP  DATA  1514 45 00 05 DC 35 4D 40 00 ..  [1448]
17:29:59:792 MONITOR [DEBUG] receive 1448 Bytes for port 3128
17:29:59:792 RawMon [DEBUG] [66] _TCP  DATA  66 45 00 00 34 18 50 40 00 ..  [0]
17:29:59:792 RawMon [DEBUG] [1514] _TCP  DATA  1514 45 00 05 DC 35 56 40 00 ..  [1448]
17:29:59:792 MONITOR [DEBUG] receive 1448 Bytes for port 3128
17:29:59:792 RawMon [DEBUG] [66] _TCP  DATA  66 45 00 00 34 18 52 40 00 ..  [0]
17:29:59:792 RawMon [DEBUG] [1514] _TCP  DATA  1514 45 00 05 DC 35 5D 40 00 ..  [1448]
17:29:59:792 MONITOR [DEBUG] receive 1448 Bytes for port 3128
17:29:59:793 RawMon [DEBUG] [495] _TCP  DATA  495 45 00 01 E1 18 54 40 00 ..  [429]
17:29:59:793 MONITOR [DEBUG] receive 429 Bytes for port 50952
17:29:59:793 RawMon [DEBUG] [641] _TCP  DATA  641 45 00 02 73 18 55 40 00 ..  [575]
17:29:59:793 MONITOR [DEBUG] receive 575 Bytes for port 50971
17:29:59:794 RawMon [DEBUG] [525] _TCP  DATA  525 45 00 01 FF 35 62 40 00 ..  [459]
17:29:59:794 MONITOR [DEBUG] receive 459 Bytes for port 3128
17:29:59:801 RawMon [DEBUG] [524] _TCP  DATA  524 45 00 01 FE 35 63 40 00 ..  [458]
17:29:59:801 MONITOR [DEBUG] receive 458 Bytes for port 3128
17:29:59:802 RawMon [DEBUG] [515] _TCP  DATA  515 45 00 01 F5 35 64 40 00 ..  [449]
17:29:59:802 MONITOR [DEBUG] receive 449 Bytes for port 3128
17:29:59:802 RawMon [DEBUG] [525] _TCP  DATA  525 45 00 01 FF 35 65 40 00 ..  [459]
17:29:59:802 MONITOR [DEBUG] receive 459 Bytes for port 3128
17:29:59:802 RawMon [DEBUG] [525] _TCP  DATA  525 45 00 01 FF 35 66 40 00 ..  [459]
17:29:59:803 MONITOR [DEBUG] receive 459 Bytes for port 3128
17:29:59:803 RawMon [DEBUG] [525] _TCP  DATA  525 45 00 01 FF 35 67 40 00 ..  [459]
17:29:59:803 MONITOR [DEBUG] receive 459 Bytes for port 3128
17:29:59:803 RawMon [DEBUG] [525] _TCP  DATA  525 45 00 01 FF 35 68 40 00 ..  [459]
17:29:59:803 MONITOR [DEBUG] receive 459 Bytes for port 3128
17:29:59:803 RawMon [DEBUG] [66] _TCP  DATA  66 45 00 00 34 18 5C 40 00 ..  [0]
17:29:59:803 RawMon [DEBUG] [66] _TCP  DATA  66 45 00 00 34 18 5D 40 00 ..  [0]
17:29:59:804 RawMon [DEBUG] [1514] _TCP  DATA  1514 45 00 05 DC 35 69 40 00 ..  [1448]
17:29:59:804 MONITOR [DEBUG] receive 1448 Bytes for port 3128
17:29:59:804 RawMon [DEBUG] [1514] _TCP  DATA  1514 45 00 05 DC 35 6A 40 00 ..  [1448]
17:29:59:804 MONITOR [DEBUG] receive 1448 Bytes for port 3128
17:29:59:804 RawMon [DEBUG] [1266] _TCP  DATA  1266 45 00 04 E4 35 6B 40 00 ..  [1200]
17:29:59:804 MONITOR [DEBUG] receive 1200 Bytes for port 3128
17:29:59:804 RawMon [DEBUG] [526] _TCP  DATA  526 45 00 02 00 35 6C 40 00 ..  [460]
17:29:59:805 MONITOR [DEBUG] receive 460 Bytes for port 3128
17:29:59:805 RawMon [DEBUG] [66] _TCP  DATA  66 45 00 00 34 18 5E 40 00 ..  [0]
17:29:59:805 RawMon [DEBUG] [66] _TCP  DATA  66 45 00 00 34 18 5F 40 00 ..  [0]
17:29:59:805 RawMon [DEBUG] [369] _TCP  DATA  369 45 00 01 63 35 6D 40 00 ..  [303]
17:29:59:805 MONITOR [DEBUG] receive 303 Bytes for port 3128
17:29:59:805 RawMon [DEBUG] [1514] _TCP  DATA  1514 45 00 05 DC 35 6E 40 00 ..  [1448]
17:29:59:805 MONITOR [DEBUG] receive 1448 Bytes for port 3128
17:29:59:805 RawMon [DEBUG] [1514] _TCP  DATA  1514 45 00 05 DC 35 86 40 00 ..  [1448]
17:29:59:806 MONITOR [DEBUG] receive 1448 Bytes for port 3128
17:29:59:806 RawMon [DEBUG] [1514] _TCP  DATA  1514 45 00 05 DC 35 92 40 00 ..  [1448]
17:29:59:806 MONITOR [DEBUG] receive 1448 Bytes for port 3128
17:29:59:806 RawMon [DEBUG] [1514] _TCP  DATA  1514 45 00 05 DC 35 98 40 00 ..  [1448]
17:29:59:806 MONITOR [DEBUG] receive 1448 Bytes for port 3128
17:29:59:806 RawMon [DEBUG] [1514] _TCP  DATA  1514 45 00 05 DC 35 9B 40 00 ..  [1448]
17:29:59:806 MONITOR [DEBUG] receive 1448 Bytes for port 3128
17:29:59:806 RawMon [DEBUG] [66] _TCP  DATA  66 45 00 00 34 18 70 40 00 ..  [0]
17:29:59:806 RawMon [DEBUG] [1514] _TCP  DATA  1514 45 00 05 DC 35 9C 40 00 ..  [1448]
17:29:59:806 MONITOR [DEBUG] receive 1448 Bytes for port 3128
17:29:59:807 RawMon [DEBUG] [66] _TCP  DATA  66 45 00 00 34 18 74 40 00 ..  [0]
17:29:59:852 RawMon [DEBUG] [625] _TCP  DATA  625 45 00 02 63 18 75 40 00 ..  [559]
17:29:59:852 MONITOR [DEBUG] receive 559 Bytes for port 50954
17:29:59:852 RawMon [DEBUG] [527] _TCP  DATA  527 45 00 02 01 35 B5 40 00 ..  [461]
17:29:59:853 MONITOR [DEBUG] receive 461 Bytes for port 3128
17:29:59:853 RawMon [DEBUG] [66] _TCP  DATA  66 45 00 00 34 18 76 40 00 ..  [0]
17:29:59:853 RawMon [DEBUG] [960] _TCP  DATA  960 45 00 03 B2 35 B6 40 00 ..  [894]
17:29:59:853 MONITOR [DEBUG] receive 894 Bytes for port 3128
17:29:59:857 RawMon [DEBUG] [644] _TCP  DATA  644 45 00 02 76 18 77 40 00 ..  [578]
17:29:59:857 MONITOR [DEBUG] receive 578 Bytes for port 50954
17:29:59:858 RawMon [DEBUG] [526] _TCP  DATA  526 45 00 02 00 35 B7 40 00 ..  [460]
17:29:59:858 MONITOR [DEBUG] receive 460 Bytes for port 3128
17:29:59:858 RawMon [DEBUG] [66] _TCP  DATA  66 45 00 00 34 18 78 40 00 ..  [0]
17:29:59:859 RawMon [DEBUG] [1514] _TCP  DATA  1514 45 00 05 DC 35 B8 40 00 ..  [1448]
17:29:59:859 MONITOR [DEBUG] receive 1448 Bytes for port 3128
17:29:59:859 RawMon [DEBUG] [1514] _TCP  DATA  1514 45 00 05 DC 35 B9 40 00 ..  [1448]
17:29:59:859 MONITOR [DEBUG] receive 1448 Bytes for port 3128
17:29:59:859 RawMon [DEBUG] [1266] _TCP  DATA  1266 45 00 04 E4 35 BA 40 00 ..  [1200]
17:29:59:860 MONITOR [DEBUG] receive 1200 Bytes for port 3128
17:29:59:860 RawMon [DEBUG] [66] _TCP  DATA  66 45 00 00 34 18 79 40 00 ..  [0]
17:29:59:860 RawMon [DEBUG] [1514] _TCP  DATA  1514 45 00 05 DC 35 BB 40 00 ..  [1448]
17:29:59:860 MONITOR [DEBUG] receive 1448 Bytes for port 3128
17:29:59:860 RawMon [DEBUG] [1514] _TCP  DATA  1514 45 00 05 DC 35 BC 40 00 ..  [1448]
17:29:59:860 MONITOR [DEBUG] receive 1448 Bytes for port 3128
17:29:59:861 RawMon [DEBUG] [1266] _TCP  DATA  1266 45 00 04 E4 35 BD 40 00 ..  [1200]
17:29:59:861 MONITOR [DEBUG] receive 1200 Bytes for port 3128
17:29:59:863 RawMon [DEBUG] [680] _TCP  DATA  680 45 00 02 9A 18 7C 40 00 ..  [614]
17:29:59:864 MONITOR [DEBUG] receive 614 Bytes for port 50954
17:29:59:867 RawMon [DEBUG] [397] _TCP  DATA  397 45 00 01 7F 35 CD 40 00 ..  [331]
17:29:59:867 MONITOR [DEBUG] receive 331 Bytes for port 3128
17:29:59:867 RawMon [DEBUG] [66] _TCP  DATA  66 45 00 00 34 18 7D 40 00 ..  [0]
17:29:59:867 RawMon [DEBUG] [466] _TCP  DATA  466 45 00 01 C4 35 CE 40 00 ..  [400]
17:29:59:868 MONITOR [DEBUG] receive 400 Bytes for port 3128
17:29:59:876 RawMon [DEBUG] [432] _TCP  DATA  432 45 00 01 A2 18 7E 40 00 ..  [366]
17:29:59:877 MONITOR [DEBUG] receive 366 Bytes for port 50950
17:29:59:877 RawMon [DEBUG] [629] _TCP  DATA  629 45 00 02 67 35 D4 40 00 ..  [563]
17:29:59:877 MONITOR [DEBUG] receive 563 Bytes for port 3128
17:29:59:877 RawMon [DEBUG] [66] _TCP  DATA  66 45 00 00 34 18 7F 40 00 ..  [0]
17:29:59:878 RawMon [DEBUG] [761] _TCP  DATA  761 45 00 02 EB 35 D5 40 00 ..  [695]
17:29:59:878 MONITOR [DEBUG] receive 695 Bytes for port 3128
17:29:59:885 RawMon [DEBUG] [542] _TCP  DATA  542 45 00 02 10 18 80 40 00 ..  [476]
17:29:59:885 MONITOR [DEBUG] receive 476 Bytes for port 50950
17:29:59:910 RawMon [DEBUG] [668] _TCP  DATA  668 45 00 02 8E 18 81 40 00 ..  [602]
17:29:59:910 MONITOR [DEBUG] receive 602 Bytes for port 50952
17:29:59:910 RawMon [DEBUG] [565] _TCP  DATA  565 45 00 02 27 35 D9 40 00 ..  [499]
17:29:59:910 MONITOR [DEBUG] receive 499 Bytes for port 3128
17:29:59:910 RawMon [DEBUG] [66] _TCP  DATA  66 45 00 00 34 18 82 40 00 ..  [0]
17:29:59:910 RawMon [DEBUG] [1117] _TCP  DATA  1117 45 00 04 4F 35 DA 40 00 ..  [1051]
17:29:59:911 MONITOR [DEBUG] receive 1051 Bytes for port 3128
17:29:59:919 RawMon [DEBUG] [553] _TCP  DATA  553 45 00 02 1B 35 DB 40 00 ..  [487]
17:29:59:919 MONITOR [DEBUG] receive 487 Bytes for port 3128
17:29:59:919 RawMon [DEBUG] [66] _TCP  DATA  66 45 00 00 34 18 83 40 00 ..  [0]
17:29:59:919 RawMon [DEBUG] [1076] _TCP  DATA  1076 45 00 04 26 35 DC 40 00 ..  [1010]
17:29:59:919 MONITOR [DEBUG] receive 1010 Bytes for port 3128
17:29:59:919 RawMon [DEBUG] [1446] _TCP  DATA  1446 45 00 05 98 35 DE 40 00 ..  [1380]
17:29:59:920 MONITOR [DEBUG] receive 1380 Bytes for port 3128
17:29:59:920 RawMon [DEBUG] [66] _TCP  DATA  66 45 00 00 34 18 84 40 00 ..  [0]
17:29:59:920 RawMon [DEBUG] [1446] _TCP  DATA  1446 45 00 05 98 35 DF 40 00 ..  [1380]
17:29:59:920 MONITOR [DEBUG] receive 1380 Bytes for port 3128
17:29:59:941 RawMon [DEBUG] [1098] _TCP  DATA  1098 45 00 04 3C 18 85 40 00 ..  [1032]
17:29:59:941 MONITOR [DEBUG] receive 1032 Bytes for port 50952
17:29:59:941 RawMon [DEBUG] [1446] _TCP  DATA  1446 45 00 05 98 35 E1 40 00 ..  [1380]
17:29:59:941 MONITOR [DEBUG] receive 1380 Bytes for port 3128
17:29:59:942 RawMon [DEBUG] [66] _TCP  DATA  66 45 00 00 34 18 86 40 00 ..  [0]
17:29:59:942 RawMon [DEBUG] [1446] _TCP  DATA  1446 45 00 05 98 35 E3 40 00 ..  [1380]
17:29:59:942 MONITOR [DEBUG] receive 1380 Bytes for port 3128
17:29:59:942 RawMon [DEBUG] [1446] _TCP  DATA  1446 45 00 05 98 35 E5 40 00 ..  [1380]
17:29:59:942 MONITOR [DEBUG] receive 1380 Bytes for port 3128
17:29:59:945 RawMon [DEBUG] [398] _TCP  DATA  398 45 00 01 80 35 E6 40 00 ..  [332]
17:29:59:946 MONITOR [DEBUG] receive 332 Bytes for port 3128
17:29:59:946 RawMon [DEBUG] [66] _TCP  DATA  66 45 00 00 34 18 87 40 00 ..  [0]
17:29:59:946 RawMon [DEBUG] [1514] _TCP  DATA  1514 45 00 05 DC 35 E7 40 00 ..  [1448]
17:29:59:947 MONITOR [DEBUG] receive 1448 Bytes for port 3128
17:29:59:947 RawMon [DEBUG] [1514] _TCP  DATA  1514 45 00 05 DC 35 E8 40 00 ..  [1448]
17:29:59:947 MONITOR [DEBUG] receive 1448 Bytes for port 3128
17:29:59:947 RawMon [DEBUG] [1266] _TCP  DATA  1266 45 00 04 E4 35 E9 40 00 ..  [1200]
17:29:59:947 MONITOR [DEBUG] receive 1200 Bytes for port 3128
17:29:59:947 RawMon [DEBUG] [66] _TCP  DATA  66 45 00 00 34 18 88 40 00 ..  [0]
17:29:59:947 RawMon [DEBUG] [1514] _TCP  DATA  1514 45 00 05 DC 35 EA 40 00 ..  [1448]
17:29:59:948 MONITOR [DEBUG] receive 1448 Bytes for port 3128
17:29:59:948 RawMon [DEBUG] [1514] _TCP  DATA  1514 45 00 05 DC 35 EB 40 00 ..  [1448]
17:29:59:948 MONITOR [DEBUG] receive 1448 Bytes for port 3128
17:29:59:948 RawMon [DEBUG] [1266] _TCP  DATA  1266 45 00 04 E4 35 EC 40 00 ..  [1200]
17:29:59:948 MONITOR [DEBUG] receive 1200 Bytes for port 3128
17:29:59:948 RawMon [DEBUG] [66] _TCP  DATA  66 45 00 00 34 18 8B 40 00 ..  [0]
17:29:59:948 RawMon [DEBUG] [600] _TCP  DATA  600 45 00 02 4A 35 F4 40 00 ..  [534]
17:29:59:949 MONITOR [DEBUG] receive 534 Bytes for port 3128
17:29:59:949 RawMon [DEBUG] [101] _TCP  DATA  101 45 00 00 57 35 F5 40 00 ..  [35]
17:29:59:949 MONITOR [DEBUG] receive 35 Bytes for port 3128
17:29:59:952 RawMon [DEBUG] [757] _TCP  DATA  757 45 00 02 E7 18 8C 40 00 ..  [691]
17:29:59:952 MONITOR [DEBUG] receive 691 Bytes for port 50950
17:29:59:955 RawMon [DEBUG] [674] _TCP  DATA  674 45 00 02 94 18 8D 40 00 ..  [608]
17:29:59:955 MONITOR [DEBUG] receive 608 Bytes for port 50952
17:29:59:956 RawMon [DEBUG] [580] _TCP  DATA  580 45 00 02 36 35 F7 40 00 ..  [514]
17:29:59:956 MONITOR [DEBUG] receive 514 Bytes for port 3128
17:29:59:956 RawMon [DEBUG] [1514] _TCP  DATA  1514 45 00 05 DC 35 F8 40 00 ..  [1448]
17:29:59:956 MONITOR [DEBUG] receive 1448 Bytes for port 3128
17:29:59:956 RawMon [DEBUG] [66] _TCP  DATA  66 45 00 00 34 18 8E 40 00 ..  [0]
17:29:59:956 RawMon [DEBUG] [1514] _TCP  DATA  1514 45 00 05 DC 35 F9 40 00 ..  [1448]
17:29:59:957 MONITOR [DEBUG] receive 1448 Bytes for port 3128
17:29:59:957 RawMon [DEBUG] [655] _TCP  DATA  655 45 00 02 81 35 FA 40 00 ..  [589]
17:29:59:957 MONITOR [DEBUG] receive 589 Bytes for port 3128
17:29:59:957 RawMon [DEBUG] [475] _TCP  DATA  475 45 00 01 CD 18 8F 40 00 ..  [409]
17:29:59:957 MONITOR [DEBUG] receive 409 Bytes for port 50975
17:29:59:957 RawMon [DEBUG] [419] _TCP  DATA  419 45 00 01 95 35 FB 40 00 ..  [353]
17:29:59:957 MONITOR [DEBUG] receive 353 Bytes for port 3128
17:29:59:962 RawMon [DEBUG] [66] _TCP  DATA  66 45 00 00 34 18 90 40 00 ..  [0]
17:29:59:963 RawMon [DEBUG] [724] _TCP  DATA  724 45 00 02 C6 35 FC 40 00 ..  [658]
17:29:59:963 MONITOR [DEBUG] receive 658 Bytes for port 3128
17:29:59:965 RawMon [DEBUG] [1107] _TCP  DATA  1107 45 00 04 45 18 91 40 00 ..  [1041]
17:29:59:965 MONITOR [DEBUG] receive 1041 Bytes for port 50954
17:29:59:971 RawMon [DEBUG] [66] _TCP  DATA  66 45 00 00 34 18 92 40 00 ..  [0]
17:29:59:972 RawMon [DEBUG] [600] _TCP  DATA  600 45 00 02 4A 35 FE 40 00 ..  [534]
17:29:59:972 MONITOR [DEBUG] receive 534 Bytes for port 3128
17:29:59:972 RawMon [DEBUG] [101] _TCP  DATA  101 45 00 00 57 35 FF 40 00 ..  [35]
17:29:59:972 MONITOR [DEBUG] receive 35 Bytes for port 3128
17:30:00:012 RawMon [DEBUG] [517] _TCP  DATA  517 45 00 01 F7 36 03 40 00 ..  [451]
17:30:00:013 MONITOR [DEBUG] receive 451 Bytes for port 3128
17:30:00:013 RawMon [DEBUG] [66] _TCP  DATA  66 45 00 00 34 18 93 40 00 ..  [0]
17:30:00:013 RawMon [DEBUG] [218] _TCP  DATA  218 45 00 00 CC 36 05 40 00 ..  [152]
17:30:00:013 MONITOR [DEBUG] receive 152 Bytes for port 3128
17:30:00:013 RawMon [DEBUG] [66] _TCP  DATA  66 45 00 00 34 36 06 40 00 ..  [0]
17:30:00:013 RawMon [DEBUG] [66] _TCP  DATA  66 45 00 00 34 18 94 40 00 ..  [0]
17:30:00:013 RawMon [DEBUG] [66] _TCP  DATA  66 45 00 00 34 36 07 40 00 ..  [0]
17:30:00:026 RawMon [DEBUG] [1296] _TCP  DATA  1296 45 00 05 02 18 95 40 00 ..  [1230]
17:30:00:027 MONITOR [DEBUG] receive 1230 Bytes for port 50954
17:30:00:028 RawMon [DEBUG] [471] _TCP  DATA  471 45 00 01 C9 18 96 40 00 ..  [405]
17:30:00:028 MONITOR [DEBUG] receive 405 Bytes for port 50952
17:30:00:029 RawMon [DEBUG] [420] _TCP  DATA  420 45 00 01 96 36 0C 40 00 ..  [354]
17:30:00:029 MONITOR [DEBUG] receive 354 Bytes for port 3128
17:30:00:157 RawMon [DEBUG] [66] _TCP  DATA  66 45 00 00 34 18 97 40 00 ..  [0]
17:30:00:194 RawMon [DEBUG] [66] _TCP  DATA  66 45 00 00 34 36 15 40 00 ..  [0]
17:30:00:201 RawMon [DEBUG] [710] _TCP  DATA  710 45 00 02 B8 36 16 40 00 ..  [644]
17:30:00:202 MONITOR [DEBUG] receive 644 Bytes for port 3128
17:30:00:202 RawMon [DEBUG] [66] _TCP  DATA  66 45 00 00 34 18 98 40 00 ..  [0]
17:30:00:202 RawMon [DEBUG] [943] _TCP  DATA  943 45 00 03 A1 36 17 40 00 ..  [877]
17:30:00:202 MONITOR [DEBUG] receive 877 Bytes for port 3128
17:30:00:202 RawMon [DEBUG] [927] _TCP  DATA  927 45 00 03 91 36 19 40 00 ..  [861]
17:30:00:203 MONITOR [DEBUG] receive 861 Bytes for port 3128
17:30:00:204 RawMon [DEBUG] [488] _TCP  DATA  488 45 00 01 DA 18 99 40 00 ..  [422]
17:30:00:204 MONITOR [DEBUG] receive 422 Bytes for port 50954
17:30:00:205 RawMon [DEBUG] [676] _TCP  DATA  676 45 00 02 96 36 1A 40 00 ..  [610]
17:30:00:205 MONITOR [DEBUG] receive 610 Bytes for port 3128
17:30:00:205 RawMon [DEBUG] [66] _TCP  DATA  66 45 00 00 34 18 9A 40 00 ..  [0]
17:30:00:205 RawMon [DEBUG] [1134] _TCP  DATA  1134 45 00 04 60 36 1B 40 00 ..  [1068]
17:30:00:205 MONITOR [DEBUG] receive 1068 Bytes for port 3128
17:30:00:233 RawMon [DEBUG] [66] _TCP  DATA  66 45 00 00 34 18 9B 40 00 ..  [0]
17:30:03:714 RawMon [DEBUG] [851] _TCP  DATA  851 45 00 03 45 18 9C 40 00 ..  [785]
17:30:03:715 MONITOR [DEBUG] receive 785 Bytes for port 50954
17:30:03:738 RawMon [DEBUG] [462] _TCP  DATA  462 45 00 01 C0 36 F9 40 00 ..  [396]
17:30:03:739 MONITOR [DEBUG] receive 396 Bytes for port 3128
17:30:03:739 RawMon [DEBUG] [66] _TCP  DATA  66 45 00 00 34 18 9D 40 00 ..  [0]
17:30:03:739 RawMon [DEBUG] [236] _TCP  DATA  236 45 00 00 DE 36 FA 40 00 ..  [170]
17:30:03:740 MONITOR [DEBUG] receive 170 Bytes for port 3128
17:30:04:136 RawMon [DEBUG] [66] _TCP  DATA  66 45 00 00 34 18 9E 40 00 ..  [0]
17:30:04:138 RawMon [DEBUG] [66] _TCP  DATA  66 45 00 00 34 18 9F 40 00 ..  [0]
17:30:04:138 RawMon [DEBUG] [66] _TCP  DATA  66 45 00 00 34 37 16 40 00 ..  [0]
17:30:04:138 RawMon [DEBUG] [66] _TCP  DATA  66 45 00 00 34 18 A0 40 00 ..  [0]
17:30:04:139 RawMon [DEBUG] [66] _TCP  DATA  66 45 00 00 34 37 17 40 00 ..  [0]
17:30:04:139 RawMon [DEBUG] [66] _TCP  DATA  66 45 00 00 34 37 18 40 00 ..  [0]
17:30:04:139 RawMon [DEBUG] [66] _TCP  DATA  66 45 00 00 34 18 A1 40 00 ..  [0]
17:30:04:140 RawMon [DEBUG] [66] _TCP  DATA  66 45 00 00 34 37 19 40 00 ..  [0]
17:30:04:305 RawMon [DEBUG] [862] _TCP  DATA  862 45 00 03 50 18 A2 40 00 ..  [796]
17:30:04:305 MONITOR [DEBUG] receive 796 Bytes for port 50954
17:30:04:328 RawMon [DEBUG] [461] _TCP  DATA  461 45 00 01 BF 37 23 40 00 ..  [395]
17:30:04:329 MONITOR [DEBUG] receive 395 Bytes for port 3128
17:30:04:329 RawMon [DEBUG] [66] _TCP  DATA  66 45 00 00 34 18 A3 40 00 ..  [0]
17:30:04:329 RawMon [DEBUG] [131] _TCP  DATA  131 45 00 00 75 37 24 40 00 ..  [65]
17:30:04:329 MONITOR [DEBUG] receive 65 Bytes for port 3128
17:30:04:736 RawMon [DEBUG] [929] _TCP  DATA  929 45 00 03 93 18 A4 40 00 ..  [863]
17:30:04:736 MONITOR [DEBUG] receive 863 Bytes for port 50954
17:30:04:736 RawMon [DEBUG] [734] _TCP  DATA  734 45 00 02 D0 18 A5 40 00 ..  [668]
17:30:04:736 MONITOR [DEBUG] receive 668 Bytes for port 50952
17:30:04:737 RawMon [DEBUG] [525] _TCP  DATA  525 45 00 01 FF 37 43 40 00 ..  [459]
17:30:04:738 MONITOR [DEBUG] receive 459 Bytes for port 3128
17:30:04:738 RawMon [DEBUG] [66] _TCP  DATA  66 45 00 00 34 18 A6 40 00 ..  [0]
17:30:04:738 RawMon [DEBUG] [1514] _TCP  DATA  1514 45 00 05 DC 37 44 40 00 ..  [1448]
17:30:04:738 MONITOR [DEBUG] receive 1448 Bytes for port 3128
17:30:04:738 RawMon [DEBUG] [407] _TCP  DATA  407 45 00 01 89 37 45 40 00 ..  [341]
17:30:04:738 MONITOR [DEBUG] receive 341 Bytes for port 3128
17:30:04:748 RawMon [DEBUG] [1132] _TCP  DATA  1132 45 00 04 5E 18 A7 40 00 ..  [1066]
17:30:04:749 MONITOR [DEBUG] receive 1066 Bytes for port 50952
17:30:04:755 RawMon [DEBUG] [66] _TCP  DATA  66 45 00 00 34 18 A8 40 00 ..  [0]
17:30:04:755 RawMon [DEBUG] [600] _TCP  DATA  600 45 00 02 4A 37 47 40 00 ..  [534]
17:30:04:756 MONITOR [DEBUG] receive 534 Bytes for port 3128
17:30:04:756 RawMon [DEBUG] [101] _TCP  DATA  101 45 00 00 57 37 48 40 00 ..  [35]
17:30:04:756 MONITOR [DEBUG] receive 35 Bytes for port 3128
17:30:04:774 RawMon [DEBUG] [443] _TCP  DATA  443 45 00 01 AD 37 49 40 00 ..  [377]
17:30:04:775 MONITOR [DEBUG] receive 377 Bytes for port 3128
17:30:04:775 RawMon [DEBUG] [66] _TCP  DATA  66 45 00 00 34 18 A9 40 00 ..  [0]
17:30:04:775 RawMon [DEBUG] [1180] _TCP  DATA  1180 45 00 04 8E 37 4A 40 00 ..  [1114]
17:30:04:775 MONITOR [DEBUG] receive 1114 Bytes for port 3128
17:30:04:775 RawMon [DEBUG] [1446] _TCP  DATA  1446 45 00 05 98 37 4C 40 00 ..  [1380]
17:30:04:775 MONITOR [DEBUG] receive 1380 Bytes for port 3128
17:30:04:775 RawMon [DEBUG] [66] _TCP  DATA  66 45 00 00 34 18 AA 40 00 ..  [0]
17:30:04:775 RawMon [DEBUG] [1514] _TCP  DATA  1514 45 00 05 DC 37 4E 40 00 ..  [1448]
17:30:04:775 MONITOR [DEBUG] receive 1448 Bytes for port 3128
17:30:04:776 RawMon [DEBUG] [1378] _TCP  DATA  1378 45 00 05 54 37 4F 40 00 ..  [1312]
17:30:04:776 MONITOR [DEBUG] receive 1312 Bytes for port 3128
17:30:04:787 RawMon [DEBUG] [1526] _TCP  DATA  1526 45 00 05 E8 18 AB 40 00 ..  [1460]
17:30:04:788 MONITOR [DEBUG] receive 1460 Bytes for port 50952
17:30:04:788 RawMon [DEBUG] [66] _TCP  DATA  66 45 00 00 34 37 50 40 00 ..  [0]
17:30:04:803 RawMon [DEBUG] [66] _TCP  DATA  66 45 00 00 34 18 AD 40 00 ..  [0]
17:30:04:804 RawMon [DEBUG] [1514] _TCP  DATA  1514 45 00 05 DC 37 54 40 00 ..  [1448]
17:30:04:804 MONITOR [DEBUG] receive 1448 Bytes for port 3128
17:30:04:804 RawMon [DEBUG] [333] _TCP  DATA  333 45 00 01 3F 37 55 40 00 ..  [267]
17:30:04:804 MONITOR [DEBUG] receive 267 Bytes for port 3128
17:30:04:804 RawMon [DEBUG] [66] _TCP  DATA  66 45 00 00 34 37 56 40 00 ..  [0]
17:30:04:804 RawMon [DEBUG] [66] _TCP  DATA  66 45 00 00 34 18 AE 40 00 ..  [0]
17:30:04:804 RawMon [DEBUG] [66] _TCP  DATA  66 45 00 00 34 37 58 40 00 ..  [0]
17:30:04:822 RawMon [DEBUG] [747] _TCP  DATA  747 45 00 02 DD 18 AF 40 00 ..  [681]
17:30:04:823 MONITOR [DEBUG] receive 681 Bytes for port 50975
17:30:04:823 RawMon [DEBUG] [562] _TCP  DATA  562 45 00 02 24 37 59 40 00 ..  [496]
17:30:04:823 MONITOR [DEBUG] receive 496 Bytes for port 3128
17:30:04:823 RawMon [DEBUG] [66] _TCP  DATA  66 45 00 00 34 18 B0 40 00 ..  [0]
17:30:04:823 RawMon [DEBUG] [1514] _TCP  DATA  1514 45 00 05 DC 37 5A 40 00 ..  [1448]
17:30:04:823 MONITOR [DEBUG] receive 1448 Bytes for port 3128
17:30:04:824 RawMon [DEBUG] [242] _TCP  DATA  242 45 00 00 E4 37 5B 40 00 ..  [176]
17:30:04:824 MONITOR [DEBUG] receive 176 Bytes for port 3128
17:30:04:914 RawMon [DEBUG] [511] _TCP  DATA  511 45 00 01 F1 18 B1 40 00 ..  [445]
17:30:04:914 MONITOR [DEBUG] receive 445 Bytes for port 50975
17:30:04:957 RawMon [DEBUG] [710] _TCP  DATA  710 45 00 02 B8 37 75 40 00 ..  [644]
17:30:04:958 MONITOR [DEBUG] receive 644 Bytes for port 3128
17:30:04:958 RawMon [DEBUG] [66] _TCP  DATA  66 45 00 00 34 18 B2 40 00 ..  [0]
17:30:04:958 RawMon [DEBUG] [1514] _TCP  DATA  1514 45 00 05 DC 37 76 40 00 ..  [1448]
17:30:04:958 MONITOR [DEBUG] receive 1448 Bytes for port 3128
17:30:04:958 RawMon [DEBUG] [184] _TCP  DATA  184 45 00 00 AA 37 77 40 00 ..  [118]
17:30:04:958 MONITOR [DEBUG] receive 118 Bytes for port 3128
17:30:05:022 RawMon [DEBUG] [420] _TCP  DATA  420 45 00 01 96 37 7B 40 00 ..  [354]
17:30:05:023 MONITOR [DEBUG] receive 354 Bytes for port 3128
17:30:05:023 RawMon [DEBUG] [66] _TCP  DATA  66 45 00 00 34 18 B3 40 00 ..  [0]
17:30:05:023 RawMon [DEBUG] [488] _TCP  DATA  488 45 00 01 DA 37 7C 40 00 ..  [422]
17:30:05:023 MONITOR [DEBUG] receive 422 Bytes for port 3128
17:30:05:025 RawMon [DEBUG] [548] _TCP  DATA  548 45 00 02 16 18 B4 40 00 ..  [482]
17:30:05:025 MONITOR [DEBUG] receive 482 Bytes for port 50952
17:30:05:026 RawMon [DEBUG] [398] _TCP  DATA  398 45 00 01 80 37 7D 40 00 ..  [332]
17:30:05:026 MONITOR [DEBUG] receive 332 Bytes for port 3128
17:30:05:026 RawMon [DEBUG] [66] _TCP  DATA  66 45 00 00 34 18 B5 40 00 ..  [0]
17:30:05:026 RawMon [DEBUG] [66] _TCP  DATA  66 45 00 00 34 18 B6 40 00 ..  [0]
17:30:05:027 RawMon [DEBUG] [1514] _TCP  DATA  1514 45 00 05 DC 37 7E 40 00 ..  [1448]
17:30:05:027 MONITOR [DEBUG] receive 1448 Bytes for port 3128
17:30:05:027 RawMon [DEBUG] [1514] _TCP  DATA  1514 45 00 05 DC 37 7F 40 00 ..  [1448]
17:30:05:028 MONITOR [DEBUG] receive 1448 Bytes for port 3128
17:30:05:028 RawMon [DEBUG] [1266] _TCP  DATA  1266 45 00 04 E4 37 80 40 00 ..  [1200]
17:30:05:028 MONITOR [DEBUG] receive 1200 Bytes for port 3128
17:30:05:028 RawMon [DEBUG] [1514] _TCP  DATA  1514 45 00 05 DC 37 81 40 00 ..  [1448]
17:30:05:028 MONITOR [DEBUG] receive 1448 Bytes for port 3128
17:30:05:028 RawMon [DEBUG] [1514] _TCP  DATA  1514 45 00 05 DC 37 82 40 00 ..  [1448]
17:30:05:029 MONITOR [DEBUG] receive 1448 Bytes for port 3128
17:30:05:029 RawMon [DEBUG] [1266] _TCP  DATA  1266 45 00 04 E4 37 83 40 00 ..  [1200]
17:30:05:029 MONITOR [DEBUG] receive 1200 Bytes for port 3128
17:30:05:029 RawMon [DEBUG] [66] _TCP  DATA  66 45 00 00 34 18 B9 40 00 ..  [0]
17:30:05:029 RawMon [DEBUG] [1514] _TCP  DATA  1514 45 00 05 DC 37 8B 40 00 ..  [1448]
17:30:05:029 MONITOR [DEBUG] receive 1448 Bytes for port 3128
17:30:05:029 RawMon [DEBUG] [66] _TCP  DATA  66 45 00 00 34 18 BA 40 00 ..  [0]
17:30:05:029 RawMon [DEBUG] [1514] _TCP  DATA  1514 45 00 05 DC 37 8E 40 00 ..  [1448]
17:30:05:030 MONITOR [DEBUG] receive 1448 Bytes for port 3128
17:30:06:700 RawMon [DEBUG] [98] _TCP  DATA  98 45 60 00 54 6E 5B 40 00 ..  [32]
17:30:06:700 MONITOR [DEBUG] receive 32 Bytes for port 2748
17:30:06:700 RawMon [DEBUG] [98] _TCP  DATA  98 45 00 00 54 18 BD 40 00 ..  [32]
17:30:06:701 MONITOR [DEBUG] receive 32 Bytes for port 50805
17:30:06:701 RawMon [DEBUG] [66] _TCP  DATA  66 45 60 00 34 6E 5C 40 00 ..  [0]
17:30:10:033 RawMon [DEBUG] [92] _UDP  DATA  92 45 00 00 4E 45 02 00 00 ..  [50]
17:30:10:784 RawMon [DEBUG] [92] _UDP  DATA  92 45 00 00 4E 45 12 00 00 ..  [50]
17:30:11:534 RawMon [DEBUG] [92] _UDP  DATA  92 45 00 00 4E 45 15 00 00 ..  [50]
17:30:23:293 RawMon [DEBUG] [236] _TCP  DATA  236 45 00 00 DE 18 BE 40 00 ..  [170]
17:30:23:294 MONITOR [DEBUG] receive 170 Bytes for port 50791
17:30:23:295 RawMon [DEBUG] [343] _TCP  DATA  343 45 60 01 49 B3 3D 40 00 ..  [277]
17:30:23:295 MONITOR [DEBUG] receive 277 Bytes for port 5222
17:30:23:493 RawMon [DEBUG] [66] _TCP  DATA  66 45 00 00 34 18 BF 40 00 ..  [0]
17:30:30:585 MONITOR [ INFO] stopApplication:
17:31:27:659 MONITOR [ INFO] Application started
17:31:27:705 MONITOR [DEBUG] Create server:
17:31:27:705 IECServer [ INFO] stop server.
17:31:27:705 MONITOR [ INFO] Licence OK
17:31:27:705 MONITOR [ERROR] scan IP not available change to 1-st available IP
17:31:27:712 MONITOR [ INFO] startMonitoring on IP:172.23.30.115
17:31:27:817 RawMon [DEBUG] [54] _TCP  DATA  54 45 00 00 28 18 D5 40 00 ..  [0]
17:31:30:118 RawMon [DEBUG] [66] _UDP  DATA  66 45 00 00 34 56 36 00 00 ..  [24]
17:31:30:226 RawMon [DEBUG] [66] _UDP  DATA  66 45 00 00 34 56 37 00 00 ..  [24]
17:31:30:429 RawMon [DEBUG] [92] _UDP  DATA  92 45 00 00 4E 56 38 00 00 ..  [50]
17:31:31:193 RawMon [DEBUG] [92] _UDP  DATA  92 45 00 00 4E 56 39 00 00 ..  [50]
17:31:31:957 RawMon [DEBUG] [92] _UDP  DATA  92 45 00 00 4E 56 3A 00 00 ..  [50]
17:31:32:722 RawMon [DEBUG] [92] _UDP  DATA  92 45 00 00 4E 56 3B 00 00 ..  [50]
17:31:33:486 RawMon [DEBUG] [92] _UDP  DATA  92 45 00 00 4E 56 3C 00 00 ..  [50]
17:31:34:250 RawMon [DEBUG] [92] _UDP  DATA  92 45 00 00 4E 56 3D 00 00 ..  [50]
17:31:34:851 RawMon [DEBUG] [413] _UDP  DATA  413 45 00 01 8F F7 0F 00 00 ..  [371]
17:31:34:856 RawMon [DEBUG] [342] _UDP  DATA  342 45 00 01 48 ED 48 40 00 ..  [300]
17:31:35:456 MONITOR [ INFO] stopApplication:
17:31:54:847 MONITOR [ INFO] Application started
17:31:54:894 MONITOR [DEBUG] Create server:
17:31:54:895 IECServer [ INFO] stop server.
17:31:54:895 MONITOR [ INFO] Licence OK
17:31:54:895 MONITOR [ERROR] scan IP not available change to 1-st available IP
17:31:54:901 MONITOR [ INFO] startMonitoring on IP:172.23.30.115
17:31:54:997 RawMon [DEBUG] [54] _TCP  DATA  54 45 00 00 28 19 06 40 00 ..  [0]
17:31:55:149 RawMon [DEBUG] [66] _TCP  DATA  66 45 00 00 34 19 07 40 00 ..  [0]
17:31:55:151 RawMon [DEBUG] [66] _TCP  DATA  66 45 00 00 34 19 08 40 00 ..  [0]
17:31:55:152 RawMon [DEBUG] [66] _TCP  DATA  66 45 00 00 34 15 36 40 00 ..  [0]
17:31:55:153 RawMon [DEBUG] [66] _TCP  DATA  66 45 00 00 34 19 09 40 00 ..  [0]
17:31:55:155 RawMon [DEBUG] [66] _TCP  DATA  66 45 00 00 34 19 0A 40 00 ..  [0]
17:31:55:156 RawMon [DEBUG] [66] _TCP  DATA  66 45 00 00 34 15 37 40 00 ..  [0]
17:31:55:160 RawMon [DEBUG] [66] _TCP  DATA  66 45 00 00 34 19 0B 40 00 ..  [0]
17:31:55:163 RawMon [DEBUG] [66] _TCP  DATA  66 45 00 00 34 19 0C 40 00 ..  [0]
17:31:55:165 RawMon [DEBUG] [66] _TCP  DATA  66 45 00 00 34 19 0D 40 00 ..  [0]
17:31:55:168 RawMon [DEBUG] [66] _TCP  DATA  66 45 00 00 34 15 38 40 00 ..  [0]
17:31:55:171 RawMon [DEBUG] [66] _TCP  DATA  66 45 00 00 34 15 39 40 00 ..  [0]
17:31:55:174 RawMon [DEBUG] [66] _TCP  DATA  66 45 00 00 34 15 3A 40 00 ..  [0]
17:31:55:177 RawMon [DEBUG] [66] _TCP  DATA  66 45 00 00 34 15 3B 40 00 ..  [0]
17:31:55:180 RawMon [DEBUG] [66] _TCP  DATA  66 45 00 00 34 19 0E 40 00 ..  [0]
17:31:55:183 RawMon [DEBUG] [66] _TCP  DATA  66 45 00 00 34 19 0F 40 00 ..  [0]
17:31:55:185 RawMon [DEBUG] [66] _TCP  DATA  66 45 00 00 34 19 10 40 00 ..  [0]
17:31:55:190 RawMon [DEBUG] [66] _TCP  DATA  66 45 00 00 34 15 3C 40 00 ..  [0]
17:31:55:194 RawMon [DEBUG] [66] _TCP  DATA  66 45 00 00 34 15 3D 40 00 ..  [0]
17:31:55:197 RawMon [DEBUG] [66] _TCP  DATA  66 45 00 00 34 15 3E 40 00 ..  [0]
17:31:55:198 RawMon [DEBUG] [66] _TCP  DATA  66 45 00 00 34 15 3F 40 00 ..  [0]
17:32:00:149 RawMon [DEBUG] [66] _TCP  DATA  66 45 00 00 34 19 11 40 00 ..  [0]
17:32:00:150 RawMon [DEBUG] [66] _TCP  DATA  66 45 00 00 34 1A F0 40 00 ..  [0]
17:32:00:150 RawMon [DEBUG] [66] _TCP  DATA  66 45 00 00 34 19 12 40 00 ..  [0]
17:32:00:151 RawMon [DEBUG] [66] _TCP  DATA  66 45 00 00 34 1A F1 40 00 ..  [0]
17:32:00:151 RawMon [DEBUG] [66] _TCP  DATA  66 45 00 00 34 19 13 40 00 ..  [0]
17:32:00:152 RawMon [DEBUG] [66] _TCP  DATA  66 45 00 00 34 1A F2 40 00 ..  [0]
17:32:00:152 RawMon [DEBUG] [66] _TCP  DATA  66 45 00 00 34 19 14 40 00 ..  [0]
17:32:00:153 RawMon [DEBUG] [66] _TCP  DATA  66 45 00 00 34 1A F3 40 00 ..  [0]
17:32:06:754 RawMon [DEBUG] [98] _TCP  DATA  98 45 60 00 54 6E 5F 40 00 ..  [32]
17:32:06:755 MONITOR [DEBUG] receive 32 Bytes for port 2748
17:32:06:755 RawMon [DEBUG] [98] _TCP  DATA  98 45 00 00 54 19 15 40 00 ..  [32]
17:32:06:755 MONITOR [DEBUG] receive 32 Bytes for port 50805
17:32:06:755 RawMon [DEBUG] [66] _TCP  DATA  66 45 60 00 34 6E 60 40 00 ..  [0]
17:32:09:200 RawMon [DEBUG] [55] _TCP  DATA  55 45 00 00 29 19 16 40 00 ..  [1]
17:32:09:201 MONITOR [DEBUG] receive 1 Bytes for port 50783
17:32:09:201 RawMon [DEBUG] [78] _TCP  DATA  78 45 00 00 40 16 DF 40 00 ..  [0]
17:32:23:354 RawMon [DEBUG] [236] _TCP  DATA  236 45 00 00 DE 19 17 40 00 ..  [170]
17:32:23:359 MONITOR [DEBUG] receive 170 Bytes for port 50791
17:32:23:360 RawMon [DEBUG] [343] _TCP  DATA  343 45 60 01 49 B3 41 40 00 ..  [277]
17:32:23:364 MONITOR [DEBUG] receive 277 Bytes for port 5222
17:32:23:564 RawMon [DEBUG] [66] _TCP  DATA  66 45 00 00 34 19 18 40 00 ..  [0]
17:32:30:416 RawMon [DEBUG] [92] _UDP  DATA  92 45 00 00 4E 00 00 40 00 ..  [50]
17:32:30:416 RawMon [DEBUG] [104] _UDP  DATA  104 45 00 00 5A 19 19 00 00 ..  [62]
17:32:30:417 RawMon [DEBUG] [243] _UDP  DATA  243 45 00 00 E5 00 00 40 00 ..  [201]
17:32:32:529 RawMon [DEBUG] [216] _UDP  DATA  216 45 00 00 CA 19 1A 00 00 ..  [174]
17:32:32:530 RawMon [DEBUG] [216] _UDP  DATA  216 45 00 00 CA 19 1A 00 00 ..  [174]
17:32:39:137 RawMon [DEBUG] [55] _TCP  DATA  55 45 00 00 29 19 1B 40 00 ..  [1]
17:32:39:141 MONITOR [DEBUG] receive 1 Bytes for port 50785
17:32:39:142 RawMon [DEBUG] [78] _TCP  DATA  78 45 00 00 40 19 45 40 00 ..  [0]
17:32:44:499 MONITOR [ INFO] stopApplication:
